<?xml version="1.0" encoding="UTF-8"?>
<testsuite xmlns:xsi="http://www.w3.org/2001/XMLSchema-instance" xsi:noNamespaceSchemaLocation="https://maven.apache.org/surefire/maven-surefire-plugin/xsd/surefire-test-report.xsd" version="3.0.2" name="br.edu.ifpr.pedidos.AnaliseRiscoTest" time="0.465" tests="9" errors="0" skipped="0" failures="0" flakes="0">
  <properties>
[...]
</properties>
  <testcase name="primeiraCompraExpresso" classname="br.edu.ifpr.pedidos.AnaliseRiscoTest" time="0.198"/>
  <testcase name="rejeitaTotalNegativo" classname="br.edu.ifpr.pedidos.AnaliseRiscoTest" time="0.021"/>
  <testcase name="clienteBloqueadoERecusado" classname="br.edu.ifpr.pedidos.AnaliseRiscoTest" time="0.005"/>
  <testcase name="primeiraCompraValorAlto" classname="br.edu.ifpr.pedidos.AnaliseRiscoTest" time="0.004"/>
  <testcase name="clienteComHistoricoValorAlto" classname="br.edu.ifpr.pedidos.AnaliseRiscoTest" time="0.005"/>
  <testcase name="clienteNoLimite" classname="br.edu.ifpr.pedidos.AnaliseRiscoTest" time="0.005"/>
  <testcase name="primeiraCompraNoLimite" classname="br.edu.ifpr.pedidos.AnaliseRiscoTest" time="0.003"/>
  <testcase name="clienteVip" classname="br.edu.ifpr.pedidos.AnaliseRiscoTest" time="0.004"/>
  <testcase name="vipExpresso" classname="br.edu.ifpr.pedidos.AnaliseRiscoTest" time="0.003"/>
</testsuite>